<?xml version="1.0" encoding="UTF-8"?>
<!-- Generated by org.testng.reporters.JUnitReportReporter -->
<testsuite skipped="0" hostname="STSPC102" name="com.crm.qa.testcases.LoginPageTest" tests="3" failures="0" timestamp="13 Mar 2020 11:47:41 GMT" time="31.406" errors="0">
  <testcase name="loginPageTitleTest" time="8.216" classname="com.crm.qa.testcases.LoginPageTest"/>
  <testcase name="crmLogoImageTest" time="8.688" classname="com.crm.qa.testcases.LoginPageTest"/>
  <testcase name="loginTest" time="14.502" classname="com.crm.qa.testcases.LoginPageTest"/>
</testsuite> <!-- com.crm.qa.testcases.LoginPageTest -->
